{"/Users/yamamototatsuya/Projects/dynamodb-shell/src/completer.ts": {"path":"/Users/yamamototatsuya/Projects/dynamodb-shell/src/completer.ts","all":false,"statementMap":{"0":{"start":{"line":1,"column":0},"end":{"line":1,"column":48}},"1":{"start":{"line":2,"column":0},"end":{"line":2,"column":0}},"2":{"start":{"line":3,"column":0},"end":{"line":3,"column":32}},"3":{"start":{"line":4,"column":0},"end":{"line":4,"column":32}},"4":{"start":{"line":5,"column":0},"end":{"line":5,"column":0}},"5":{"start":{"line":6,"column":0},"end":{"line":6,"column":50}},"6":{"start":{"line":7,"column":0},"end":{"line":7,"column":31}},"7":{"start":{"line":8,"column":0},"end":{"line":8,"column":47}},"8":{"start":{"line":9,"column":0},"end":{"line":9,"column":71}},"9":{"start":{"line":10,"column":0},"end":{"line":10,"column":66}},"10":{"start":{"line":11,"column":0},"end":{"line":11,"column":5}},"11":{"start":{"line":12,"column":0},"end":{"line":12,"column":0}},"12":{"start":{"line":13,"column":0},"end":{"line":13,"column":8}},"13":{"start":{"line":14,"column":0},"end":{"line":14,"column":32}},"14":{"start":{"line":15,"column":0},"end":{"line":15,"column":33}},"15":{"start":{"line":16,"column":0},"end":{"line":16,"column":30}},"16":{"start":{"line":17,"column":0},"end":{"line":17,"column":7}},"17":{"start":{"line":18,"column":0},"end":{"line":18,"column":37}},"18":{"start":{"line":19,"column":0},"end":{"line":19,"column":5}},"19":{"start":{"line":20,"column":0},"end":{"line":20,"column":0}},"20":{"start":{"line":21,"column":0},"end":{"line":21,"column":30}},"21":{"start":{"line":22,"column":0},"end":{"line":22,"column":59}},"22":{"start":{"line":23,"column":0},"end":{"line":23,"column":31}},"23":{"start":{"line":24,"column":0},"end":{"line":24,"column":73}},"24":{"start":{"line":25,"column":0},"end":{"line":25,"column":44}},"25":{"start":{"line":26,"column":0},"end":{"line":26,"column":46}},"26":{"start":{"line":27,"column":0},"end":{"line":27,"column":25}},"27":{"start":{"line":28,"column":0},"end":{"line":28,"column":28}},"28":{"start":{"line":29,"column":0},"end":{"line":29,"column":8}},"29":{"start":{"line":30,"column":0},"end":{"line":30,"column":14}},"30":{"start":{"line":31,"column":0},"end":{"line":31,"column":57}},"31":{"start":{"line":32,"column":0},"end":{"line":32,"column":48}},"32":{"start":{"line":33,"column":0},"end":{"line":33,"column":27}},"33":{"start":{"line":34,"column":0},"end":{"line":34,"column":30}},"34":{"start":{"line":35,"column":0},"end":{"line":35,"column":10}},"35":{"start":{"line":36,"column":0},"end":{"line":36,"column":13}},"36":{"start":{"line":37,"column":0},"end":{"line":37,"column":8}},"37":{"start":{"line":38,"column":0},"end":{"line":38,"column":5}},"38":{"start":{"line":39,"column":0},"end":{"line":39,"column":0}},"39":{"start":{"line":40,"column":0},"end":{"line":40,"column":22}},"40":{"start":{"line":41,"column":0},"end":{"line":41,"column":3}},"41":{"start":{"line":42,"column":0},"end":{"line":42,"column":0}},"42":{"start":{"line":43,"column":0},"end":{"line":43,"column":44}},"43":{"start":{"line":44,"column":0},"end":{"line":44,"column":25}},"44":{"start":{"line":45,"column":0},"end":{"line":45,"column":3}},"45":{"start":{"line":46,"column":0},"end":{"line":46,"column":1}}},"s":{"0":1,"1":1,"2":1,"3":1,"4":1,"5":1,"6":15,"7":3,"8":3,"9":3,"10":3,"11":12,"12":12,"13":12,"14":15,"15":10,"16":15,"17":3,"18":3,"19":9,"20":9,"21":15,"22":15,"23":8,"24":8,"25":25,"26":25,"27":25,"28":8,"29":8,"30":8,"31":29,"32":29,"33":29,"34":8,"35":8,"36":8,"37":8,"38":1,"39":1,"40":1,"41":1,"42":1,"43":1,"44":1,"45":1},"branchMap":{"0":{"type":"branch","line":3,"loc":{"start":{"line":3,"column":0},"end":{"line":46,"column":1}},"locations":[{"start":{"line":3,"column":0},"end":{"line":46,"column":1}}]},"1":{"type":"branch","line":6,"loc":{"start":{"line":6,"column":9},"end":{"line":41,"column":3}},"locations":[{"start":{"line":6,"column":9},"end":{"line":41,"column":3}}]},"2":{"type":"branch","line":7,"loc":{"start":{"line":7,"column":30},"end":{"line":11,"column":5}},"locations":[{"start":{"line":7,"column":30},"end":{"line":11,"column":5}}]},"3":{"type":"branch","line":10,"loc":{"start":{"line":10,"column":32},"end":{"line":10,"column":44}},"locations":[{"start":{"line":10,"column":32},"end":{"line":10,"column":44}}]},"4":{"type":"branch","line":10,"loc":{"start":{"line":10,"column":45},"end":{"line":10,"column":58}},"locations":[{"start":{"line":10,"column":45},"end":{"line":10,"column":58}}]},"5":{"type":"branch","line":12,"loc":{"start":{"line":12,"column":-1},"end":{"line":14,"column":32}},"locations":[{"start":{"line":12,"column":-1},"end":{"line":14,"column":32}}]},"6":{"type":"branch","line":14,"loc":{"start":{"line":14,"column":29},"end":{"line":15,"column":30}},"locations":[{"start":{"line":14,"column":29},"end":{"line":15,"column":30}}]},"7":{"type":"branch","line":15,"loc":{"start":{"line":15,"column":30},"end":{"line":16,"column":30}},"locations":[{"start":{"line":15,"column":30},"end":{"line":16,"column":30}}]},"8":{"type":"branch","line":17,"loc":{"start":{"line":17,"column":6},"end":{"line":19,"column":5}},"locations":[{"start":{"line":17,"column":6},"end":{"line":19,"column":5}}]},"9":{"type":"branch","line":20,"loc":{"start":{"line":20,"column":-1},"end":{"line":22,"column":56}},"locations":[{"start":{"line":20,"column":-1},"end":{"line":22,"column":56}}]},"10":{"type":"branch","line":22,"loc":{"start":{"line":22,"column":52},"end":{"line":22,"column":56}},"locations":[{"start":{"line":22,"column":52},"end":{"line":22,"column":56}}]},"11":{"type":"branch","line":22,"loc":{"start":{"line":22,"column":52},"end":{"line":22,"column":56}},"locations":[{"start":{"line":22,"column":52},"end":{"line":22,"column":56}}]},"12":{"type":"branch","line":22,"loc":{"start":{"line":22,"column":52},"end":{"line":22,"column":58}},"locations":[{"start":{"line":22,"column":52},"end":{"line":22,"column":58}}]},"13":{"type":"branch","line":23,"loc":{"start":{"line":23,"column":30},"end":{"line":38,"column":5}},"locations":[{"start":{"line":23,"column":30},"end":{"line":38,"column":5}}]},"14":{"type":"branch","line":31,"loc":{"start":{"line":31,"column":21},"end":{"line":31,"column":27}},"locations":[{"start":{"line":31,"column":21},"end":{"line":31,"column":27}}]},"15":{"type":"branch","line":31,"loc":{"start":{"line":31,"column":28},"end":{"line":31,"column":41}},"locations":[{"start":{"line":31,"column":28},"end":{"line":31,"column":41}}]},"16":{"type":"branch","line":39,"loc":{"start":{"line":39,"column":-1},"end":{"line":41,"column":3}},"locations":[{"start":{"line":39,"column":-1},"end":{"line":41,"column":3}}]},"17":{"type":"branch","line":9,"loc":{"start":{"line":9,"column":44},"end":{"line":9,"column":69}},"locations":[{"start":{"line":9,"column":44},"end":{"line":9,"column":69}}]},"18":{"type":"branch","line":24,"loc":{"start":{"line":24,"column":38},"end":{"line":24,"column":71}},"locations":[{"start":{"line":24,"column":38},"end":{"line":24,"column":71}}]},"19":{"type":"branch","line":25,"loc":{"start":{"line":25,"column":34},"end":{"line":28,"column":28}},"locations":[{"start":{"line":25,"column":34},"end":{"line":28,"column":28}}]},"20":{"type":"branch","line":27,"loc":{"start":{"line":27,"column":10},"end":{"line":27,"column":25}},"locations":[{"start":{"line":27,"column":10},"end":{"line":27,"column":25}}]},"21":{"type":"branch","line":28,"loc":{"start":{"line":28,"column":10},"end":{"line":28,"column":28}},"locations":[{"start":{"line":28,"column":10},"end":{"line":28,"column":28}}]},"22":{"type":"branch","line":31,"loc":{"start":{"line":31,"column":47},"end":{"line":34,"column":30}},"locations":[{"start":{"line":31,"column":47},"end":{"line":34,"column":30}}]},"23":{"type":"branch","line":33,"loc":{"start":{"line":33,"column":12},"end":{"line":33,"column":27}},"locations":[{"start":{"line":33,"column":12},"end":{"line":33,"column":27}}]},"24":{"type":"branch","line":34,"loc":{"start":{"line":34,"column":12},"end":{"line":34,"column":30}},"locations":[{"start":{"line":34,"column":12},"end":{"line":34,"column":30}}]},"25":{"type":"branch","line":43,"loc":{"start":{"line":43,"column":9},"end":{"line":45,"column":3}},"locations":[{"start":{"line":43,"column":9},"end":{"line":45,"column":3}}]}},"b":{"0":[1],"1":[15],"2":[3],"3":[2],"4":[1],"5":[12],"6":[11],"7":[10],"8":[3],"9":[9],"10":[8],"11":[8],"12":[1],"13":[8],"14":[7],"15":[1],"16":[1],"17":[6],"18":[32],"19":[25],"20":[18],"21":[7],"22":[29],"23":[21],"24":[8],"25":[1]},"fnMap":{"0":{"name":"Completer","decl":{"start":{"line":3,"column":0},"end":{"line":46,"column":1}},"loc":{"start":{"line":3,"column":0},"end":{"line":46,"column":1}},"line":3},"1":{"name":"complete","decl":{"start":{"line":6,"column":9},"end":{"line":41,"column":3}},"loc":{"start":{"line":6,"column":9},"end":{"line":41,"column":3}},"line":6},"2":{"name":"setTables","decl":{"start":{"line":43,"column":9},"end":{"line":45,"column":3}},"loc":{"start":{"line":43,"column":9},"end":{"line":45,"column":3}},"line":43}},"f":{"0":1,"1":15,"2":1}}
}
