TN:
SF:src/completer.ts
FN:3,Completer
FN:6,complete
FN:43,setTables
FNF:3
FNH:3
FNDA:1,Completer
FNDA:15,complete
FNDA:1,setTables
DA:1,1
DA:2,1
DA:3,1
DA:4,1
DA:5,1
DA:6,1
DA:7,15
DA:8,3
DA:9,3
DA:10,3
DA:11,3
DA:12,12
DA:13,12
DA:14,12
DA:15,15
DA:16,10
DA:17,15
DA:18,3
DA:19,3
DA:20,9
DA:21,9
DA:22,15
DA:23,15
DA:24,8
DA:25,8
DA:26,25
DA:27,25
DA:28,25
DA:29,8
DA:30,8
DA:31,8
DA:32,29
DA:33,29
DA:34,29
DA:35,8
DA:36,8
DA:37,8
DA:38,8
DA:39,1
DA:40,1
DA:41,1
DA:42,1
DA:43,1
DA:44,1
DA:45,1
DA:46,1
LF:46
LH:46
BRDA:3,0,0,1
BRDA:6,1,0,15
BRDA:7,2,0,3
BRDA:10,3,0,2
BRDA:10,4,0,1
BRDA:12,5,0,12
BRDA:14,6,0,11
BRDA:15,7,0,10
BRDA:17,8,0,3
BRDA:20,9,0,9
BRDA:22,10,0,8
BRDA:22,11,0,8
BRDA:22,12,0,1
BRDA:23,13,0,8
BRDA:31,14,0,7
BRDA:31,15,0,1
BRDA:39,16,0,1
BRDA:9,17,0,6
BRDA:24,18,0,32
BRDA:25,19,0,25
BRDA:27,20,0,18
BRDA:28,21,0,7
BRDA:31,22,0,29
BRDA:33,23,0,21
BRDA:34,24,0,8
BRDA:43,25,0,1
BRF:26
BRH:26
end_of_record
